#
# A fatal error has been detected by the Java Runtime Environment:
#
#  Internal Error (constantTag.cpp:59), pid=13980, tid=0x000000000000f6c0
#  Error: ShouldNotReachHere()
#
# JRE version: Java(TM) SE Runtime Environment (8.0_221-b11) (build 1.8.0_221-b11)
# Java VM: Java HotSpot(TM) 64-Bit Server VM (25.221-b11 mixed mode windows-amd64 compressed oops)
# Failed to write core dump. Minidumps are not enabled by default on client versions of Windows
#
# If you would like to submit a bug report, please visit:
#   http://bugreport.java.com/bugreport/crash.jsp
#

---------------  T H R E A D  ---------------

Current thread (0x000000001c609000):  VMThread [stack: 0x000000001e2e0000,0x000000001e3e0000] [id=63168]

Stack: [0x000000001e2e0000,0x000000001e3e0000]
[error occurred during error reporting (printing stack bounds), id 0xc0000005]

Native frames: (J=compiled Java code, j=interpreted, Vv=VM code, C=native code)

VM_Operation (0x000000001f11f1c0): GetOrSetLocal, mode: safepoint, requested by thread 0x000000001e41d800


---------------  P R O C E S S  ---------------

Java Threads: ( => current thread )
  0x000000001fccf000 JavaThread "ReaderThread" [_thread_in_native, id=13128, stack(0x0000000020220000,0x0000000020320000)]
  0x000000001e441000 JavaThread "Service Thread" daemon [_thread_blocked, id=35820, stack(0x000000001f720000,0x000000001f820000)]
  0x000000001e477000 JavaThread "C1 CompilerThread3" daemon [_thread_blocked, id=29952, stack(0x000000001f620000,0x000000001f720000)]
  0x000000001e452000 JavaThread "C2 CompilerThread2" daemon [_thread_blocked, id=29836, stack(0x000000001f520000,0x000000001f620000)]
  0x000000001e451800 JavaThread "C2 CompilerThread1" daemon [_thread_blocked, id=16968, stack(0x000000001f420000,0x000000001f520000)]
  0x000000001e44b000 JavaThread "C2 CompilerThread0" daemon [_thread_blocked, id=40088, stack(0x000000001f320000,0x000000001f420000)]
  0x000000001e42a000 JavaThread "JDWP Command Reader" daemon [_thread_in_native, id=69620, stack(0x000000001f220000,0x000000001f320000)]
  0x000000001e428800 JavaThread "JDWP Event Helper Thread" daemon [_thread_blocked, id=32436, stack(0x000000001f120000,0x000000001f220000)]
  0x000000001e41d800 JavaThread "JDWP Transport Listener: dt_socket" daemon [_thread_blocked, id=64196, stack(0x000000001f020000,0x000000001f120000)]
  0x000000001e40e800 JavaThread "Attach Listener" daemon [_thread_blocked, id=42764, stack(0x000000001ebe0000,0x000000001ece0000)]
  0x000000001c61e800 JavaThread "Signal Dispatcher" daemon [_thread_blocked, id=20268, stack(0x000000001eae0000,0x000000001ebe0000)]
  0x0000000002c4c000 JavaThread "Finalizer" daemon [_thread_blocked, id=19676, stack(0x000000001e8e0000,0x000000001e9e0000)]
  0x000000001e400800 JavaThread "Reference Handler" daemon [_thread_blocked, id=23508, stack(0x000000001e7e0000,0x000000001e8e0000)]
  0x0000000002b55800 JavaThread "main" [_thread_blocked, id=42256, stack(0x0000000002a00000,0x0000000002b00000)]

Other Threads:
=>0x000000001c609000 VMThread [stack: 0x000000001e2e0000,0x000000001e3e0000] [id=63168]
  0x000000001e4fb000 WatcherThread [stack: 0x000000001f820000,0x000000001f920000] [id=16404]

VM state:at safepoint (normal execution)

VM Mutex/Monitor currently owned by a thread:  ([mutex/lock_event])
[0x0000000002b52a00] Threads_lock - owner thread: 0x000000001c609000

heap address: 0x00000006c2e00000, size: 4050 MB, Compressed Oops mode: Zero based, Oop shift amount: 3
Narrow klass base: 0x0000000000000000, Narrow klass shift: 3
Compressed class space size: 1073741824 Address: 0x00000007c0000000

Heap:
 PSYoungGen      total 75776K, used 17929K [0x000000076ba00000, 0x0000000772200000, 0x00000007c0000000)
  eden space 65024K, 11% used [0x000000076ba00000,0x000000076c157b80,0x000000076f980000)
  from space 10752K, 96% used [0x000000076f980000,0x00000007703aa9d0,0x0000000770400000)
  to   space 10752K, 0% used [0x0000000771780000,0x0000000771780000,0x0000000772200000)
 ParOldGen       total 121856K, used 12737K [0x00000006c2e00000, 0x00000006ca500000, 0x000000076ba00000)
  object space 121856K, 10% used [0x00000006c2e00000,0x00000006c3a706b0,0x00000006ca500000)
 Metaspace       used 27073K, capacity 28307K, committed 28416K, reserved 1073152K
  class space    used 3282K, capacity 3803K, committed 3840K, reserved 1048576K

Card table byte_map: [0x0000000012010000,0x0000000012800000] byte_map_base: 0x000000000e9f9000

Marking Bits: (ParMarkBitMap*) 0x0000000059165ce0
 Begin Bits: [0x0000000013550000, 0x0000000017498000)
 End Bits:   [0x0000000017498000, 0x000000001b3e0000)

Polling page: 0x00000000011a0000

CodeCache: size=245760Kb used=12318Kb max_used=12332Kb free=233441Kb
 bounds [0x0000000002c50000, 0x0000000003870000, 0x0000000011c50000]
 total_blobs=3446 nmethods=2766 adapters=599
 compilation: enabled

Compilation events (10 events):
Event: 6.619 Thread 0x000000001e477000 2770       3       java.lang.StringBuilder::append (9 bytes)
Event: 6.619 Thread 0x000000001e477000 nmethod 2770 0x00000000038561d0 code [0x0000000003856360, 0x0000000003856758]
Event: 6.620 Thread 0x000000001e477000 2771       3       org.codehaus.groovy.runtime.InvokerHelper::invokeMethod (66 bytes)
Event: 6.621 Thread 0x000000001e452000 nmethod 2759 0x0000000003859c50 code [0x0000000003859e00, 0x000000000385a500]
Event: 6.621 Thread 0x000000001e477000 nmethod 2771 0x000000000385ac50 code [0x000000000385afe0, 0x000000000385d278]
Event: 6.621 Thread 0x000000001e477000 2772   !   3       java.io.BufferedWriter::write (55 bytes)
Event: 6.622 Thread 0x000000001e477000 nmethod 2772 0x0000000003857cd0 code [0x0000000003857e80, 0x00000000038583d8]
Event: 6.622 Thread 0x000000001e477000 2773       3       java.nio.ByteBuffer::array (35 bytes)
Event: 6.622 Thread 0x000000001e477000 nmethod 2773 0x00000000038576d0 code [0x0000000003857860, 0x0000000003857b78]
Event: 6.622 Thread 0x000000001e44b000 nmethod 2757 0x0000000003860a50 code [0x0000000003860c20, 0x0000000003861720]

GC Heap History (8 events):
Event: 1.566 GC heap before
{Heap before GC invocations=1 (full 0):
 PSYoungGen      total 75776K, used 65024K [0x000000076ba00000, 0x0000000770e80000, 0x00000007c0000000)
  eden space 65024K, 100% used [0x000000076ba00000,0x000000076f980000,0x000000076f980000)
  from space 10752K, 0% used [0x0000000770400000,0x0000000770400000,0x0000000770e80000)
  to   space 10752K, 0% used [0x000000076f980000,0x000000076f980000,0x0000000770400000)
 ParOldGen       total 173568K, used 0K [0x00000006c2e00000, 0x00000006cd780000, 0x000000076ba00000)
  object space 173568K, 0% used [0x00000006c2e00000,0x00000006c2e00000,0x00000006cd780000)
 Metaspace       used 15738K, capacity 15810K, committed 15872K, reserved 1062912K
  class space    used 1720K, capacity 1733K, committed 1792K, reserved 1048576K
Event: 1.576 GC heap after
Heap after GC invocations=1 (full 0):
 PSYoungGen      total 75776K, used 10724K [0x000000076ba00000, 0x0000000770e80000, 0x00000007c0000000)
  eden space 65024K, 0% used [0x000000076ba00000,0x000000076ba00000,0x000000076f980000)
  from space 10752K, 99% used [0x000000076f980000,0x00000007703f9000,0x0000000770400000)
  to   space 10752K, 0% used [0x0000000770400000,0x0000000770400000,0x0000000770e80000)
 ParOldGen       total 173568K, used 1624K [0x00000006c2e00000, 0x00000006cd780000, 0x000000076ba00000)
  object space 173568K, 0% used [0x00000006c2e00000,0x00000006c2f96258,0x00000006cd780000)
 Metaspace       used 15738K, capacity 15810K, committed 15872K, reserved 1062912K
  class space    used 1720K, capacity 1733K, committed 1792K, reserved 1048576K
}
Event: 2.465 GC heap before
{Heap before GC invocations=2 (full 0):
 PSYoungGen      total 75776K, used 54463K [0x000000076ba00000, 0x0000000770e80000, 0x00000007c0000000)
  eden space 65024K, 67% used [0x000000076ba00000,0x000000076e4b6d98,0x000000076f980000)
  from space 10752K, 99% used [0x000000076f980000,0x00000007703f9000,0x0000000770400000)
  to   space 10752K, 0% used [0x0000000770400000,0x0000000770400000,0x0000000770e80000)
 ParOldGen       total 173568K, used 1624K [0x00000006c2e00000, 0x00000006cd780000, 0x000000076ba00000)
  object space 173568K, 0% used [0x00000006c2e00000,0x00000006c2f96258,0x00000006cd780000)
 Metaspace       used 20571K, capacity 21187K, committed 21296K, reserved 1069056K
  class space    used 2430K, capacity 2688K, committed 2688K, reserved 1048576K
Event: 2.474 GC heap after
Heap after GC invocations=2 (full 0):
 PSYoungGen      total 75776K, used 10752K [0x000000076ba00000, 0x0000000770e80000, 0x00000007c0000000)
  eden space 65024K, 0% used [0x000000076ba00000,0x000000076ba00000,0x000000076f980000)
  from space 10752K, 100% used [0x0000000770400000,0x0000000770e80000,0x0000000770e80000)
  to   space 10752K, 0% used [0x000000076f980000,0x000000076f980000,0x0000000770400000)
 ParOldGen       total 173568K, used 3765K [0x00000006c2e00000, 0x00000006cd780000, 0x000000076ba00000)
  object space 173568K, 2% used [0x00000006c2e00000,0x00000006c31ad6d0,0x00000006cd780000)
 Metaspace       used 20571K, capacity 21187K, committed 21296K, reserved 1069056K
  class space    used 2430K, capacity 2688K, committed 2688K, reserved 1048576K
}
Event: 2.474 GC heap before
{Heap before GC invocations=3 (full 1):
 PSYoungGen      total 75776K, used 10752K [0x000000076ba00000, 0x0000000770e80000, 0x00000007c0000000)
  eden space 65024K, 0% used [0x000000076ba00000,0x000000076ba00000,0x000000076f980000)
  from space 10752K, 100% used [0x0000000770400000,0x0000000770e80000,0x0000000770e80000)
  to   space 10752K, 0% used [0x000000076f980000,0x000000076f980000,0x0000000770400000)
 ParOldGen       total 173568K, used 3765K [0x00000006c2e00000, 0x00000006cd780000, 0x000000076ba00000)
  object space 173568K, 2% used [0x00000006c2e00000,0x00000006c31ad6d0,0x00000006cd780000)
 Metaspace       used 20571K, capacity 21187K, committed 21296K, reserved 1069056K
  class space    used 2430K, capacity 2688K, committed 2688K, reserved 1048576K
Event: 2.509 GC heap after
Heap after GC invocations=3 (full 1):
 PSYoungGen      total 75776K, used 0K [0x000000076ba00000, 0x0000000770e80000, 0x00000007c0000000)
  eden space 65024K, 0% used [0x000000076ba00000,0x000000076ba00000,0x000000076f980000)
  from space 10752K, 0% used [0x0000000770400000,0x0000000770400000,0x0000000770e80000)
  to   space 10752K, 0% used [0x000000076f980000,0x000000076f980000,0x0000000770400000)
 ParOldGen       total 121856K, used 12729K [0x00000006c2e00000, 0x00000006ca500000, 0x000000076ba00000)
  object space 121856K, 10% used [0x00000006c2e00000,0x00000006c3a6e6b0,0x00000006ca500000)
 Metaspace       used 20571K, capacity 21187K, committed 21296K, reserved 1069056K
  class space    used 2430K, capacity 2688K, committed 2688K, reserved 1048576K
}
Event: 5.184 GC heap before
{Heap before GC invocations=4 (full 1):
 PSYoungGen      total 75776K, used 65024K [0x000000076ba00000, 0x0000000770e80000, 0x00000007c0000000)
  eden space 65024K, 100% used [0x000000076ba00000,0x000000076f980000,0x000000076f980000)
  from space 10752K, 0% used [0x0000000770400000,0x0000000770400000,0x0000000770e80000)
  to   space 10752K, 0% used [0x000000076f980000,0x000000076f980000,0x0000000770400000)
 ParOldGen       total 121856K, used 12729K [0x00000006c2e00000, 0x00000006ca500000, 0x000000076ba00000)
  object space 121856K, 10% used [0x00000006c2e00000,0x00000006c3a6e6b0,0x00000006ca500000)
 Metaspace       used 26726K, capacity 27951K, committed 28160K, reserved 1073152K
  class space    used 3263K, capacity 3746K, committed 3840K, reserved 1048576K
Event: 5.190 GC heap after
Heap after GC invocations=4 (full 1):
 PSYoungGen      total 75776K, used 10410K [0x000000076ba00000, 0x0000000772200000, 0x00000007c0000000)
  eden space 65024K, 0% used [0x000000076ba00000,0x000000076ba00000,0x000000076f980000)
  from space 10752K, 96% used [0x000000076f980000,0x00000007703aa9d0,0x0000000770400000)
  to   space 10752K, 0% used [0x0000000771780000,0x0000000771780000,0x0000000772200000)
 ParOldGen       total 121856K, used 12737K [0x00000006c2e00000, 0x00000006ca500000, 0x000000076ba00000)
  object space 121856K, 10% used [0x00000006c2e00000,0x00000006c3a706b0,0x00000006ca500000)
 Metaspace       used 26726K, capacity 27951K, committed 28160K, reserved 1073152K
  class space    used 3263K, capacity 3746K, committed 3840K, reserved 1048576K
}

Deoptimization events (10 events):
Event: 3.847 Thread 0x0000000002b55800 Uncommon trap: reason=range_check action=none pc=0x0000000002f29124 method=sun.reflect.generics.parser.SignatureParser.current()C @ 34
Event: 3.847 Thread 0x0000000002b55800 Uncommon trap: reason=range_check action=none pc=0x0000000002f29124 method=sun.reflect.generics.parser.SignatureParser.current()C @ 34
Event: 3.847 Thread 0x0000000002b55800 Uncommon trap: reason=range_check action=none pc=0x0000000002f29124 method=sun.reflect.generics.parser.SignatureParser.current()C @ 34
Event: 3.847 Thread 0x0000000002b55800 Uncommon trap: reason=range_check action=none pc=0x0000000002f29124 method=sun.reflect.generics.parser.SignatureParser.current()C @ 34
Event: 3.863 Thread 0x0000000002b55800 Uncommon trap: reason=unstable_if action=reinterpret pc=0x000000000367e3b8 method=sun.misc.Launcher$AppClassLoader.loadClass(Ljava/lang/String;Z)Ljava/lang/Class; @ 9
Event: 3.869 Thread 0x0000000002b55800 Uncommon trap: reason=class_check action=maybe_recompile pc=0x0000000003478f34 method=java.util.regex.Matcher.search(I)Z @ 86
Event: 3.876 Thread 0x0000000002b55800 Uncommon trap: reason=class_check action=maybe_recompile pc=0x0000000003478f34 method=java.util.regex.Matcher.search(I)Z @ 86
Event: 3.894 Thread 0x0000000002b55800 Uncommon trap: reason=bimorphic action=maybe_recompile pc=0x0000000002f67698 method=java.util.HashMap.putVal(ILjava/lang/Object;Ljava/lang/Object;ZZ)Ljava/lang/Object; @ 253
Event: 3.894 Thread 0x0000000002b55800 Uncommon trap: reason=bimorphic action=maybe_recompile pc=0x0000000002f67698 method=java.util.HashMap.putVal(ILjava/lang/Object;Ljava/lang/Object;ZZ)Ljava/lang/Object; @ 253
Event: 4.492 Thread 0x0000000002b55800 Uncommon trap: reason=class_check action=maybe_recompile pc=0x0000000003478f34 method=java.util.regex.Matcher.search(I)Z @ 86

Classes redefined (7 events):
Event: 214.496 Thread 0x000000001c609000 redefined class name=TestCases.TC001_VisaTypeCRUDTestCase, count=1
Event: 238.441 Thread 0x000000001c609000 redefined class name=TestCases.TC001_VisaTypeCRUDTestCase, count=2
Event: 262.545 Thread 0x000000001c609000 redefined class name=TestCases.TC001_VisaTypeCRUDTestCase, count=3
Event: 264.610 Thread 0x000000001c609000 redefined class name=TestCases.TC001_VisaTypeCRUDTestCase, count=4
Event: 289.725 Thread 0x000000001c609000 redefined class name=TestCases.TC001_VisaTypeCRUDTestCase, count=5
Event: 294.554 Thread 0x000000001c609000 redefined class name=TestCases.TC001_VisaTypeCRUDTestCase, count=6
Event: 311.690 Thread 0x000000001c609000 redefined class name=TestCases.TC001_VisaTypeCRUDTestCase, count=7

Internal exceptions (10 events):
Event: 5.182 Thread 0x0000000002b55800 Exception <a 'java/lang/ClassNotFoundException': Script1BeanInfo> (0x000000076f9623d0) thrown at [C:\re\workspace\8-2-build-windows-amd64-cygwin\jdk8u221\13320\hotspot\src\share\vm\classfile\systemDictionary.cpp, line 210]
Event: 5.183 Thread 0x0000000002b55800 Exception <a 'java/lang/ClassNotFoundException': Script1Customizer> (0x000000076f9719b8) thrown at [C:\re\workspace\8-2-build-windows-amd64-cygwin\jdk8u221\13320\hotspot\src\share\vm\classfile\systemDictionary.cpp, line 210]
Event: 5.203 Thread 0x0000000002b55800 Exception <a 'java/lang/ClassCastException': io.restassured.filter.time.TimingFilter cannot be cast to groovy.lang.GroovyObject> (0x000000076ba4e268) thrown at [C:\re\workspace\8-2-build-windows-amd64-cygwin\jdk8u221\13320\hotspot\src\share\vm\interpreter
Event: 5.899 Thread 0x0000000002b55800 Exception <a 'java/lang/ClassNotFoundException': Script1BeanInfo> (0x000000076bd735c0) thrown at [C:\re\workspace\8-2-build-windows-amd64-cygwin\jdk8u221\13320\hotspot\src\share\vm\classfile\systemDictionary.cpp, line 210]
Event: 5.900 Thread 0x0000000002b55800 Exception <a 'java/lang/ClassNotFoundException': Script1Customizer> (0x000000076bd82ba8) thrown at [C:\re\workspace\8-2-build-windows-amd64-cygwin\jdk8u221\13320\hotspot\src\share\vm\classfile\systemDictionary.cpp, line 210]
Event: 5.908 Thread 0x0000000002b55800 Exception <a 'java/lang/ClassNotFoundException': Script1BeanInfo> (0x000000076bdea1b8) thrown at [C:\re\workspace\8-2-build-windows-amd64-cygwin\jdk8u221\13320\hotspot\src\share\vm\classfile\systemDictionary.cpp, line 210]
Event: 5.909 Thread 0x0000000002b55800 Exception <a 'java/lang/ClassNotFoundException': Script1Customizer> (0x000000076bdf97a0) thrown at [C:\re\workspace\8-2-build-windows-amd64-cygwin\jdk8u221\13320\hotspot\src\share\vm\classfile\systemDictionary.cpp, line 210]
Event: 5.921 Thread 0x0000000002b55800 Exception <a 'java/lang/ClassCastException'> (0x000000076be43a50) thrown at [C:\re\workspace\8-2-build-windows-amd64-cygwin\jdk8u221\13320\hotspot\src\share\vm\runtime\sharedRuntime.cpp, line 605]
Event: 6.616 Thread 0x0000000002b55800 Exception <a 'java/lang/ClassNotFoundException': Script1BeanInfo> (0x000000076bf82fe0) thrown at [C:\re\workspace\8-2-build-windows-amd64-cygwin\jdk8u221\13320\hotspot\src\share\vm\classfile\systemDictionary.cpp, line 210]
Event: 6.617 Thread 0x0000000002b55800 Exception <a 'java/lang/ClassNotFoundException': Script1Customizer> (0x000000076bf925c8) thrown at [C:\re\workspace\8-2-build-windows-amd64-cygwin\jdk8u221\13320\hotspot\src\share\vm\classfile\systemDictionary.cpp, line 210]

Events (10 events):
Event: 311.700 Executing VM operation: ChangeBreakpoints done
Event: 311.707 Executing VM operation: ChangeBreakpoints
Event: 311.708 Executing VM operation: ChangeBreakpoints done
Event: 311.716 Executing VM operation: ChangeBreakpoints
Event: 311.717 Executing VM operation: ChangeBreakpoints done
Event: 311.744 Executing VM operation: GetOwnedMonitorInfo
Event: 311.744 Executing VM operation: GetOwnedMonitorInfo done
Event: 311.745 Executing VM operation: GetCurrentContendedMonitor
Event: 311.745 Executing VM operation: GetCurrentContendedMonitor done
Event: 311.750 Executing VM operation: GetOrSetLocal


Dynamic libraries:
0x00007ff7abfc0000 - 0x00007ff7abff7000 	C:\Program Files\Java\jdk1.8.0_221\bin\javaw.exe
0x00007ff8102c0000 - 0x00007ff8104b0000 	C:\Windows\SYSTEM32\ntdll.dll
0x00007fffd4c50000 - 0x00007fffd4cc1000 	C:\Windows\System32\verifier.dll
0x00007fffe30e0000 - 0x00007fffe31d4000 	C:\Windows\SYSTEM32\PayloadRestrictions.dll
0x00007ff80d2f0000 - 0x00007ff80d3ea000 	C:\Windows\System32\ucrtbase.dll
0x00007ff80d890000 - 0x00007ff80db33000 	C:\Windows\System32\kernelbase.dll
0x00007ff80e940000 - 0x00007ff80e9f2000 	C:\Windows\System32\kernel32.dll
0x00007ff80fac0000 - 0x00007ff80fb63000 	C:\Windows\System32\ADVAPI32.dll
0x00007ff80f8b0000 - 0x00007ff80f94e000 	C:\Windows\System32\msvcrt.dll
0x00007ff80f7b0000 - 0x00007ff80f847000 	C:\Windows\System32\sechost.dll
0x00007ff80fcf0000 - 0x00007ff80fe10000 	C:\Windows\System32\RPCRT4.dll
0x00007ff80e370000 - 0x00007ff80e504000 	C:\Windows\System32\USER32.dll
0x00007ff80d6a0000 - 0x00007ff80d6c1000 	C:\Windows\System32\win32u.dll
0x00007ff80e910000 - 0x00007ff80e936000 	C:\Windows\System32\GDI32.dll
0x00007ff80d6f0000 - 0x00007ff80d884000 	C:\Windows\System32\gdi32full.dll
0x00007ff80d250000 - 0x00007ff80d2ee000 	C:\Windows\System32\msvcp_win.dll
0x00007ffff6ed0000 - 0x00007ffff7155000 	C:\Windows\WinSxS\amd64_microsoft.windows.common-controls_6595b64144ccf1df_6.0.18362.778_none_e6c6b761130d4fb8\COMCTL32.dll
0x00007ff80f470000 - 0x00007ff80f7a6000 	C:\Windows\System32\combase.dll
0x00007ff80d3f0000 - 0x00007ff80d470000 	C:\Windows\System32\bcryptPrimitives.dll
0x00007ff80f9b0000 - 0x00007ff80f9de000 	C:\Windows\System32\IMM32.DLL
0x00007fffddfb0000 - 0x00007fffde062000 	C:\Program Files\McAfee\Endpoint Security\Threat Prevention\Ips\EpMPApi.dll
0x00007ff80db40000 - 0x00007ff80db9c000 	C:\Windows\System32\WINTRUST.dll
0x00007ff80d190000 - 0x00007ff80d1a2000 	C:\Windows\System32\MSASN1.dll
0x00007ff80d520000 - 0x00007ff80d669000 	C:\Windows\System32\CRYPT32.dll
0x000000005a350000 - 0x000000005a35c000 	C:\Program Files\McAfee\Endpoint Security\Threat Prevention\Ips\EpMPThe.dll
0x00000000591f0000 - 0x00000000592c2000 	C:\Program Files\Java\jdk1.8.0_221\jre\bin\msvcr100.dll
0x0000000058940000 - 0x00000000591e5000 	C:\Program Files\Java\jdk1.8.0_221\jre\bin\server\jvm.dll
0x00007ff80e780000 - 0x00007ff80e788000 	C:\Windows\System32\PSAPI.DLL
0x00007ffff5870000 - 0x00007ffff5879000 	C:\Windows\SYSTEM32\WSOCK32.dll
0x00007ff80ed10000 - 0x00007ff80ed7f000 	C:\Windows\System32\WS2_32.dll
0x00007ff807b10000 - 0x00007ff807b34000 	C:\Windows\SYSTEM32\WINMM.dll
0x00007ff801630000 - 0x00007ff80163a000 	C:\Windows\SYSTEM32\VERSION.dll
0x00007ff807ae0000 - 0x00007ff807b0d000 	C:\Windows\SYSTEM32\WINMMBASE.dll
0x00007ff80dba0000 - 0x00007ff80dbea000 	C:\Windows\System32\cfgmgr32.dll
0x00007ffff8010000 - 0x00007ffff801f000 	C:\Program Files\Java\jdk1.8.0_221\jre\bin\verify.dll
0x00007fffec580000 - 0x00007fffec5a9000 	C:\Program Files\Java\jdk1.8.0_221\jre\bin\java.dll
0x00007fffea150000 - 0x00007fffea185000 	C:\Program Files\Java\jdk1.8.0_221\jre\bin\jdwp.dll
0x00007ffff79d0000 - 0x00007ffff79d8000 	C:\Program Files\Java\jdk1.8.0_221\jre\bin\npt.dll
0x00007ffff6bc0000 - 0x00007ffff6bd6000 	C:\Program Files\Java\jdk1.8.0_221\jre\bin\zip.dll
0x00007ff80ed80000 - 0x00007ff80f465000 	C:\Windows\System32\SHELL32.dll
0x00007ff80e6d0000 - 0x00007ff80e779000 	C:\Windows\System32\shcore.dll
0x00007ff80dbf0000 - 0x00007ff80e370000 	C:\Windows\System32\windows.storage.dll
0x00007ff80d1b0000 - 0x00007ff80d1d3000 	C:\Windows\System32\profapi.dll
0x00007ff80d1e0000 - 0x00007ff80d22a000 	C:\Windows\System32\powrprof.dll
0x00007ff80d180000 - 0x00007ff80d190000 	C:\Windows\System32\UMPDC.dll
0x00007ff80f850000 - 0x00007ff80f8a2000 	C:\Windows\System32\shlwapi.dll
0x00007ff80d230000 - 0x00007ff80d241000 	C:\Windows\System32\kernel.appcore.dll
0x00007ff80d6d0000 - 0x00007ff80d6e7000 	C:\Windows\System32\cryptsp.dll
0x00007ffff7740000 - 0x00007ffff7749000 	C:\Program Files\Java\jdk1.8.0_221\jre\bin\dt_socket.dll
0x00007fffdd0a0000 - 0x00007fffdd0b6000 	C:\Windows\system32\napinsp.dll
0x00007fffdd080000 - 0x00007fffdd09a000 	C:\Windows\system32\pnrpnsp.dll
0x00007ff80c940000 - 0x00007ff80c9a7000 	C:\Windows\System32\mswsock.dll
0x00007ff80c6f0000 - 0x00007ff80c7ba000 	C:\Windows\SYSTEM32\DNSAPI.dll
0x00007ff80ea00000 - 0x00007ff80ea08000 	C:\Windows\System32\NSI.dll
0x00007ff80c660000 - 0x00007ff80c69a000 	C:\Windows\SYSTEM32\IPHLPAPI.DLL
0x00007ffff8560000 - 0x00007ffff856e000 	C:\Windows\System32\winrnr.dll
0x00007ff806f20000 - 0x00007ff806f3c000 	C:\Windows\system32\NLAapi.dll
0x00007fffdd060000 - 0x00007fffdd075000 	C:\Windows\system32\wshbth.dll
0x00007ff8058a0000 - 0x00007ff805917000 	C:\Windows\System32\fwpuclnt.dll
0x00007ff80d670000 - 0x00007ff80d696000 	C:\Windows\System32\bcrypt.dll
0x00007ff8017e0000 - 0x00007ff8017ea000 	C:\Windows\System32\rasadhlp.dll
0x00007fffef620000 - 0x00007fffef63a000 	C:\Program Files\Java\jdk1.8.0_221\jre\bin\net.dll
0x00007ffffbba0000 - 0x00007ffffbd75000 	C:\Windows\SYSTEM32\urlmon.dll
0x00007ffffb8f0000 - 0x00007ffffbb96000 	C:\Windows\SYSTEM32\iertutil.dll
0x00007ff80cb70000 - 0x00007ff80cb7c000 	C:\Windows\SYSTEM32\CRYPTBASE.DLL
0x00007ff80c250000 - 0x00007ff80c283000 	C:\Windows\system32\rsaenh.dll
0x00007ff80d070000 - 0x00007ff80d095000 	C:\Windows\SYSTEM32\USERENV.dll
0x00007ff805a30000 - 0x00007ff805a46000 	C:\Windows\SYSTEM32\dhcpcsvc6.DLL
0x00007ff805120000 - 0x00007ff80513c000 	C:\Windows\SYSTEM32\dhcpcsvc.DLL
0x00007fffea130000 - 0x00007fffea142000 	C:\Program Files\Java\jdk1.8.0_221\jre\bin\nio.dll
0x00007ffff79f0000 - 0x00007ffff7a14000 	C:\Program Files\Java\jdk1.8.0_221\jre\bin\sunec.dll
0x00007ff807ba0000 - 0x00007ff807bab000 	C:\Program Files\Java\jdk1.8.0_221\jre\bin\sunmscapi.dll

VM Arguments:
jvm_args: -agentlib:jdwp=transport=dt_socket,suspend=y,address=localhost:54083 -ea -Dfile.encoding=Cp1252 
java_command: org.testng.remote.RemoteTestNG -serport 54082 -protocol json -d C:\GopalBackUp\WorkSpace\APIRestAssuredToolsQA\test-output C:\Users\GOPALK~1\AppData\Local\Temp\testng-eclipse-789079542\testng-customsuite.xml
java_class_path (initial): C:\Users\gopalkrishnan\eclipse\java-2019-092\eclipse\configuration\org.eclipse.osgi\488\0\.cp\lib\testng-remote.jar;C:\GopalBackUp\WorkSpace\APIRestAssuredToolsQA\target\test-classes;C:\GopalBackUp\WorkSpace\APIRestAssuredToolsQA\target\classes;C:\Users\gopalkrishnan\.m2\repository\org\apache\poi\poi-ooxml\3.9\poi-ooxml-3.9.jar;C:\Users\gopalkrishnan\.m2\repository\io\rest-assured\rest-assured\3.0.0\rest-assured-3.0.0.jar;C:\Users\gopalkrishnan\.m2\repository\org\codehaus\groovy\groovy\2.4.6\groovy-2.4.6.jar;C:\Users\gopalkrishnan\.m2\repository\org\codehaus\groovy\groovy-xml\2.4.6\groovy-xml-2.4.6.jar;C:\Users\gopalkrishnan\.m2\repository\org\apache\httpcomponents\httpclient\4.5.2\httpclient-4.5.2.jar;C:\Users\gopalkrishnan\.m2\repository\org\apache\httpcomponents\httpcore\4.4.4\httpcore-4.4.4.jar;C:\Users\gopalkrishnan\.m2\repository\commons-logging\commons-logging\1.2\commons-logging-1.2.jar;C:\Users\gopalkrishnan\.m2\repository\org\apache\httpcomponents\httpmime\4.5.1\httpmime-4.5.1.jar;C:\Users\gopalkrishnan\.m2\repository\org\ccil\cowan\tagsoup\tagsoup\1.2.1\tagsoup-1.2.1.jar;C:\Users\gopalkrishnan\.m2\repository\io\rest-assured\xml-path\3.0.0\xml-path-3.0.0.jar;C:\Users\gopalkrishnan\.m2\repository\org\apache\commons\commons-lang3\3.4\commons-lang3-3.4.jar;C:\Users\gopalkrishnan\.m2\repository\org\testng\testng\6.9.10\testng-6.9.10.jar;C:\Users\gopalkrishnan\.m2\repository\com\beust\jcommander\1.48\jcommander-1.48.jar;C:\Users\gopalkrishnan\.m2\repository\org\beanshell\bsh\2.0b4\bsh-2.0b4.jar;C:\Users\gopalkrishnan\.m2\repository\io\rest-assured\json-schema-validator\4.0.0\json-schema-validator-4.0.0.jar;C:\Users\gopalkrishnan\.m2\repository\com\github\java-json-tools\json-schema-validator\2.2.10\json-schema-validator-2.2.10.jar;C:\Users\gopalkrishnan\.m2\repository\com\github\java-json-tools\json-schema-core\1.2.10\json-schema-core-1.2.10.jar;C:\Users\gopalkrishnan\.m2\repository\com\github\java-json-tools\jackson-coreutils\1.9\j
Launcher Type: SUN_STANDARD

Environment Variables:
PATH=C:\Program Files\Java\jdk1.8.0_221\jre\bin;C:/Program Files/Java/jre1.8.0_221/bin/server;C:/Program Files/Java/jre1.8.0_221/bin;C:/Program Files/Java/jre1.8.0_221/lib/amd64;C:\Program Files (x86)\Common Files\Oracle\Java\javapath;C:\Windows\system32;C:\Windows;C:\Windows\System32\Wbem;C:\Windows\System32\WindowsPowerShell\v1.0\;C:\Windows\System32\OpenSSH\;C:\Program Files\Intel\WiFi\bin\;C:\Program Files\Common Files\Intel\WirelessCommon\;C:\Program Files\dotnet\;C:\Program Files (x86)\Microsoft SQL Server\Client SDK\ODBC\130\Tools\Binn\;C:\Program Files (x86)\Microsoft SQL Server\140\Tools\Binn\;C:\Program Files (x86)\Microsoft SQL Server\140\DTS\Binn\;C:\Program Files (x86)\Microsoft SQL Server\140\Tools\Binn\ManagementStudio\;C:\Program Files\Java\jdk1.8.0_221\bin;C:\Users\gopalkrishnan\AppData\Local\Microsoft\WindowsApps;;C:\Windows\System32;
USERNAME=Gopalkrishnan
OS=Windows_NT
PROCESSOR_IDENTIFIER=Intel64 Family 6 Model 142 Stepping 12, GenuineIntel



---------------  S Y S T E M  ---------------

OS: Windows 10.0 , 64 bit Build 18362 (10.0.18362.778)

CPU:total 8 (initial active 8) (4 cores per cpu, 2 threads per core) family 6 model 142 stepping 12, cmov, cx8, fxsr, mmx, sse, sse2, sse3, ssse3, sse4.1, sse4.2, popcnt, avx, avx2, aes, clmul, erms, rtm, 3dnowpref, lzcnt, ht, tsc, tscinvbit, bmi1, bmi2, adx

Memory: 4k page, physical 16587208k(5659916k free), swap 19416560k(3155796k free)

vm_info: Java HotSpot(TM) 64-Bit Server VM (25.221-b11) for windows-amd64 JRE (1.8.0_221-b11), built on Jul  4 2019 04:39:29 by "java_re" with MS VC++ 10.0 (VS2010)

time: Mon May 11 12:32:38 2020
timezone: India Standard Time
elapsed time: 311 seconds (0d 0h 5m 11s)

